================================================================================
                    E2E TEST EXECUTION SUMMARY
================================================================================

Total Tests:        20
Duration:           27.1 minutes
Framework:          Playwright (Chromium)

RESULTS:
  âœ… Passed:        12 tests (60%)
  âŒ Failed:        7 tests (35%)
  âš ï¸  Flaky:        1 test  (5%)

================================================================================
                            PASSED TESTS (12)
================================================================================

âœ… Navigate from Home to Create Event
âœ… Delete Event from Events Hub
âœ… Verify Event Persistence (Create -> Home -> Re-enter)
âœ… Joined Events History - Display and Re-enter
âœ… Joined Events - Multiple Events
âœ… Profile memo field should persist and be visible only to the viewer
âœ… Verify Event Lobby QR and Invitation Code
âœ… QR code should navigate directly to event lobby after auto-join
âœ… Quiz questions appear in the correct order
âœ… Quiz Edit Screen - Button should be in bottom fixed pill with new name
âœ… Quiz Creation Flow
âœ… Button disabled when attendees missing profile or quiz

================================================================================
                            FAILED TESTS (7)
================================================================================

âŒ 4 Users (A, B, C, D) can join and play
   File: test_4_users_quiz.spec.ts:7:5
   Error: Test timeout waiting for answer button to be clickable
   Issue: Cannot interact with quiz answer buttons
   Duration: 2.0m Ã— 3 retries

âŒ Quiz choices are randomized when saved
   File: test_choice_randomization.spec.ts:19:3
   Error: Test timeout waiting for "é–‹å§‹" (Start) button
   Issue: Quiz start button not found or not clickable
   Duration: 2.0m Ã— 3 retries

âŒ Edit Event Name and Description from Lobby
   File: test_event_edit_delete.spec.ts:3:1
   Error: Playwright strict mode violation - button selector matched 2 elements
   Issue: Test selector too broad - matches both "Update Participants" and "Save"
   Duration: 6-8s Ã— 3 retries

âŒ User can Join, Create Quiz, and Answer
   File: test_full_quiz_flow.spec.ts:6:3
   Error: Test timeout trying to interact with quiz answers
   Issue: Same as #1 - answer buttons not responding
   Duration: 1.0m Ã— 3 retries

âŒ User can answer multiple questions sequentially without state persistence bug
   File: test_multi_question_quiz.spec.ts:9:3
   Error: Test timeout during multi-question quiz flow
   Issue: Same as #1 & #4 - quiz answer interaction broken
   Duration: 1.5m Ã— 3 retries

âŒ Quiz result screen displays detailed results table with questions and answers
   File: test_quiz_result_details.spec.ts:9:3
   Error: Test timeout waiting for "é–‹å§‹" (Start) button
   Issue: Same as #2 - quiz start button missing
   Duration: 1.5m Ã— 3 retries

âŒ Quiz Supplement Feature
   File: test_quiz_supplement.spec.ts:3:1
   Error: Cannot find "ã‚¯ã‚¤ã‚ºã‚¨ãƒ‡ã‚£ã‚¿" (Quiz Editor) text on page
   Issue: Navigation to quiz editor broken or component not rendering
   Duration: Variable Ã— 3 retries

================================================================================
                            FLAKY TEST (1)
================================================================================

âš ï¸  Quizzes are presented sequentially in join order
   File: test_quiz_sequential_flow.spec.ts:6:5
   Error: Sometimes passes, sometimes fails
   Issue: Race condition in quiz question loading
   When fails: Cannot find expected quiz question text

================================================================================
                        COMMON FAILURE PATTERNS
================================================================================

PATTERN 1: Quiz Answer Button Interaction (5 tests)
â”€â”€â”€â”€â”€â”€â”€â”€â”€â”€â”€â”€â”€â”€â”€â”€â”€â”€â”€â”€â”€â”€â”€â”€â”€â”€â”€â”€â”€â”€â”€â”€â”€â”€â”€â”€â”€â”€â”€â”€â”€â”€â”€â”€â”€â”€â”€â”€â”€
Tests:
  â€¢ 4 Users Quiz
  â€¢ Full Quiz Flow
  â€¢ Multi-Question Quiz
  â€¢ Quiz Result Details (indirectly)
  â€¢ Quiz Supplement (related)

Symptoms:
  â€¢ Tests can create quizzes and events successfully
  â€¢ Tests reach the quiz play page
  â€¢ Tests can see quiz questions
  â€¢ BUT: Cannot click answer buttons (timeout 90-120s)

Root Cause: Answer buttons either not rendering, not clickable, or not responsive

Primary Issue: Quiz play/answer component needs review


PATTERN 2: Quiz Start Button Missing (2 tests)
â”€â”€â”€â”€â”€â”€â”€â”€â”€â”€â”€â”€â”€â”€â”€â”€â”€â”€â”€â”€â”€â”€â”€â”€â”€â”€â”€â”€â”€â”€â”€â”€â”€â”€â”€â”€â”€â”€â”€â”€â”€â”€â”€â”€â”€â”€â”€
Tests:
  â€¢ Choice Randomization
  â€¢ Quiz Result Details

Symptoms:
  â€¢ Cannot find "é–‹å§‹" (Start) button
  â€¢ Test never reaches quiz play screen
  â€¢ Tests timeout waiting for button

Root Cause: Quiz start button not rendering on page


PATTERN 3: Test Selector Ambiguous (1 test)
â”€â”€â”€â”€â”€â”€â”€â”€â”€â”€â”€â”€â”€â”€â”€â”€â”€â”€â”€â”€â”€â”€â”€â”€â”€â”€â”€â”€â”€â”€â”€â”€â”€â”€â”€â”€â”€â”€â”€â”€â”€â”€â”€â”€
Test:
  â€¢ Edit Event

Symptoms:
  â€¢ Playwright strict mode violation
  â€¢ Selector matches 2 buttons instead of 1
  â€¢ "Save" button selector too broad

Root Cause: Test selector needs to be more specific


PATTERN 4: Navigation Broken (1 test)
â”€â”€â”€â”€â”€â”€â”€â”€â”€â”€â”€â”€â”€â”€â”€â”€â”€â”€â”€â”€â”€â”€â”€â”€â”€â”€â”€â”€â”€â”€â”€â”€â”€â”€â”€â”€â”€â”€
Test:
  â€¢ Quiz Supplement Feature

Symptoms:
  â€¢ Cannot navigate to quiz editor
  â€¢ Expected text not found on page

Root Cause: Quiz editor navigation or rendering broken


PATTERN 5: Race Condition (1 test - flaky)
â”€â”€â”€â”€â”€â”€â”€â”€â”€â”€â”€â”€â”€â”€â”€â”€â”€â”€â”€â”€â”€â”€â”€â”€â”€â”€â”€â”€â”€â”€â”€â”€â”€â”€â”€â”€â”€â”€â”€â”€â”€â”€â”€
Test:
  â€¢ Quiz Sequential Flow

Symptoms:
  â€¢ Sometimes passes, sometimes fails
  â€¢ Quiz questions load inconsistently

Root Cause: Async timing issue in quiz question loading

================================================================================
                        PRIORITY ACTION ITEMS
================================================================================

ğŸ”´ CRITICAL (Fix First - Blocks 5+ Tests)
â”€â”€â”€â”€â”€â”€â”€â”€â”€â”€â”€â”€â”€â”€â”€â”€â”€â”€â”€â”€â”€â”€â”€â”€â”€â”€â”€â”€â”€â”€â”€â”€â”€â”€â”€â”€â”€â”€â”€â”€â”€â”€

1. FIX QUIZ ANSWER BUTTON INTERACTION
   â€¢ Review: Quiz player component
   â€¢ Check: Answer buttons are rendering
   â€¢ Check: Event listeners attached to buttons
   â€¢ Check: Buttons not hidden/disabled
   â€¢ Check: Button selectors correct
   
2. FIX QUIZ START BUTTON
   â€¢ Review: Quiz play page component
   â€¢ Check: "é–‹å§‹" button is rendering
   â€¢ Check: Button visibility on page
   â€¢ Check: Button click handlers working


ğŸŸ  HIGH (Fix Second - Blocks 1-2 Tests)
â”€â”€â”€â”€â”€â”€â”€â”€â”€â”€â”€â”€â”€â”€â”€â”€â”€â”€â”€â”€â”€â”€â”€â”€â”€â”€â”€â”€â”€â”€â”€â”€â”€â”€â”€â”€â”€â”€â”€

3. FIX EVENT EDIT BUTTON SELECTOR
   â€¢ Update: test_event_edit_delete.spec.ts line 63
   â€¢ Make selector more specific or use data-testid
   
4. FIX QUIZ SUPPLEMENT NAVIGATION
   â€¢ Review: Quiz editor route/component
   â€¢ Check: Navigation to quiz editor works
   â€¢ Check: Quiz editor renders with content


ğŸŸ¡ MEDIUM (Fix Third - Flaky Test)
â”€â”€â”€â”€â”€â”€â”€â”€â”€â”€â”€â”€â”€â”€â”€â”€â”€â”€â”€â”€â”€â”€â”€â”€â”€â”€â”€â”€â”€â”€â”€â”€â”€â”€

5. FIX QUIZ SEQUENTIAL FLOW TIMING
   â€¢ Add explicit waits for questions
   â€¢ Ensure async operations complete
   â€¢ Add retry logic for assertions

================================================================================
